<?xml version="1.0" encoding="UTF-8"?>
<!-- Generated by org.testng.reporters.JUnitXMLReporter -->
<testsuite ignored="1" hostname="Snigdha" failures="0" tests="1" name="Default test" time="3.061" errors="0" timestamp="2026-01-01T19:47:52 IST">
  <testcase classname="com.api.test.ReportsTest" name="getPdfReport" time="0.178"/>
  <testcase classname="com.api.test.ReportsTest" name="getExcelReport" time="0.0">
    <ignored/>
  </testcase> <!-- getExcelReport -->
</testsuite> <!-- Default test -->
