<?xml version="1.0" encoding="UTF-8"?>
<testng-results ignored="0" total="1" passed="1" failed="0" skipped="0">
  <reporter-output>
  </reporter-output>
  <suite started-at="2026-01-01T19:47:49 IST" name="Default suite" finished-at="2026-01-01T19:47:52 IST" duration-ms="3061">
    <groups>
    </groups>
    <test started-at="2026-01-01T19:47:49 IST" name="Default test" finished-at="2026-01-01T19:47:52 IST" duration-ms="3061">
      <class name="com.api.test.ReportsTest">
        <test-method is-config="true" signature="setup()[pri:0, instance:com.api.test.ReportsTest@6069db50]" started-at="2026-01-01T19:47:49 IST" name="setup" finished-at="2026-01-01T19:47:52 IST" duration-ms="2801" status="PASS">
          <reporter-output>
          </reporter-output>
        </test-method> <!-- setup -->
        <test-method signature="getPdfReport()[pri:0, instance:com.api.test.ReportsTest@6069db50]" started-at="2026-01-01T19:47:52 IST" name="getPdfReport" finished-at="2026-01-01T19:47:52 IST" duration-ms="178" status="PASS">
          <reporter-output>
          </reporter-output>
        </test-method> <!-- getPdfReport -->
      </class> <!-- com.api.test.ReportsTest -->
    </test> <!-- Default test -->
  </suite> <!-- Default suite -->
</testng-results>
