<?xml version="1.0" encoding="UTF-8"?>
<testng-results ignored="0" total="1" passed="1" failed="0" skipped="0">
  <reporter-output>
  </reporter-output>
  <suite started-at="2025-12-28T23:04:32 IST" name="Default suite" finished-at="2025-12-28T23:04:34 IST" duration-ms="1594">
    <groups>
    </groups>
    <test started-at="2025-12-28T23:04:32 IST" name="Default test" finished-at="2025-12-28T23:04:34 IST" duration-ms="1594">
      <class name="com.api.test.LogInTest">
        <test-method signature="LogInTest()[pri:0, instance:com.api.test.LogInTest@2a798d51]" started-at="2025-12-28T23:04:32 IST" name="LogInTest" description="verify if Login API is working" finished-at="2025-12-28T23:04:34 IST" duration-ms="1567" status="PASS">
          <reporter-output>
          </reporter-output>
        </test-method> <!-- LogInTest -->
      </class> <!-- com.api.test.LogInTest -->
    </test> <!-- Default test -->
  </suite> <!-- Default suite -->
</testng-results>
